<?xml version="1.0" encoding="UTF-8"?>
<!-- Generated by org.testng.reporters.JUnitXMLReporter -->
<testsuite ignored="16" hostname="DESKTOP-FEV99MM" failures="0" tests="1" name="Default test" time="24.237" errors="0" timestamp="2023-05-18T19:56:51 PKT">
  <testcase classname="testcases.Logintest" name="validEmailAndValidPassword" time="8.085"/>
  <testcase classname="testcases.Logintest" name="afterLoginAndLogoutGoBackVerifyTheLogoutSccessfull" time="0.0">
    <ignored/>
  </testcase> <!-- afterLoginAndLogoutGoBackVerifyTheLogoutSccessfull -->
  <testcase classname="testcases.Logintest" name="validCredentialsAndRefresh" time="0.0">
    <ignored/>
  </testcase> <!-- validCredentialsAndRefresh -->
  <testcase classname="testcases.Logintest" name="signInButton" time="0.0">
    <ignored/>
  </testcase> <!-- signInButton -->
  <testcase classname="testcases.Logintest" name="AbnormalEmailAndInvalidPassword" time="0.0">
    <ignored/>
  </testcase> <!-- AbnormalEmailAndInvalidPassword -->
  <testcase classname="testcases.Logintest" name="onlyValidPassword" time="0.0">
    <ignored/>
  </testcase> <!-- onlyValidPassword -->
  <testcase classname="testcases.Logintest" name="invalidEmailAndInvalidPassword" time="0.0">
    <ignored/>
  </testcase> <!-- invalidEmailAndInvalidPassword -->
  <testcase classname="testcases.Logintest" name="validCredentialsAndMoveToNewTab" time="0.0">
    <ignored/>
  </testcase> <!-- validCredentialsAndMoveToNewTab -->
  <testcase classname="testcases.Logintest" name="validEmailAndInvalidPassword" time="0.0">
    <ignored/>
  </testcase> <!-- validEmailAndInvalidPassword -->
  <testcase classname="testcases.Logintest" name="loginWithValidCredentialsAndBackwardAndForward" time="0.0">
    <ignored/>
  </testcase> <!-- loginWithValidCredentialsAndBackwardAndForward -->
  <testcase classname="testcases.Logintest" name="checkCrossEyeIcon" time="0.0">
    <ignored/>
  </testcase> <!-- checkCrossEyeIcon -->
  <testcase classname="testcases.Logintest" name="onlyInvalidAbnormalEmail" time="0.0">
    <ignored/>
  </testcase> <!-- onlyInvalidAbnormalEmail -->
  <testcase classname="testcases.Logintest" name="onlyValidEmail" time="0.0">
    <ignored/>
  </testcase> <!-- onlyValidEmail -->
  <testcase classname="testcases.Logintest" name="verifyURLBeforeAndAfterLogin" time="0.0">
    <ignored/>
  </testcase> <!-- verifyURLBeforeAndAfterLogin -->
  <testcase classname="testcases.Logintest" name="verifyLoginWithValidCredentialsMultipleTimes" time="0.0">
    <ignored/>
  </testcase> <!-- verifyLoginWithValidCredentialsMultipleTimes -->
  <testcase classname="testcases.Logintest" name="invalidEmailValidPassword" time="0.0">
    <ignored/>
  </testcase> <!-- invalidEmailValidPassword -->
  <testcase classname="testcases.Logintest" name="bothFieldsEmpty" time="0.0">
    <ignored/>
  </testcase> <!-- bothFieldsEmpty -->
</testsuite> <!-- Default test -->
